\BOOKMARK [0][-]{toc.0}{\376\377\166\356\000\040\137\125}{}% 1
\BOOKMARK [0][-]{chapter*.2}{\376\377\144\130\000\040\211\201}{}% 2
\BOOKMARK [0][-]{chapter*.3}{\376\377\000A\000b\000s\000t\000r\000a\000c\000t}{}% 3
\BOOKMARK [0][-]{chapter.1}{\376\377\173\054\0001\172\340\000\040\137\025\212\000}{}% 4
\BOOKMARK [1][-]{section.1.1}{\376\377\0001\000.\0001\000\040\116\214\122\006\221\317\145\313\221\317\137\142\137\017}{chapter.1}% 5
\BOOKMARK [1][-]{section.1.2}{\376\377\0001\000.\0002\000\040\137\155\177\127\145\257\000-\176\275\146\374\137\142\137\017\124\214\137\256\142\160\213\272}{chapter.1}% 6
\BOOKMARK [0][-]{chapter.2}{\376\377\173\054\0002\172\340\000\040\167\342\221\317\116\016\145\313\221\317\166\204\121\340\117\125}{}% 7
\BOOKMARK [1][-]{section.2.1}{\376\377\0002\000.\0001\000\040\225\365\154\017\124\021\221\317\172\172\225\364}{chapter.2}% 8
\BOOKMARK [1][-]{section.2.2}{\376\377\0002\000.\0002\000\040\174\173\121\111\167\342\221\317\116\016\201\352\145\313\123\330\143\142}{chapter.2}% 9
\BOOKMARK [1][-]{section.2.3}{\376\377\0002\000.\0003\000\040\155\033\117\046\121\171\123\330\143\142\166\204\140\047\215\050\000*}{chapter.2}% 10
\BOOKMARK [1][-]{section.2.4}{\376\377\0002\000.\0004\000\040\174\173\121\111\145\327\136\034\116\016\201\352\145\313\167\342\221\317\000*}{chapter.2}% 11
\BOOKMARK [1][-]{section.2.5}{\376\377\0002\000.\0005\000\040\145\313\221\317\133\371\214\141\116\016\201\352\145\313\176\323\147\204}{chapter.2}% 12
\BOOKMARK [0][-]{chapter.3}{\376\377\173\054\0003\172\340\000\040\000S\000-\152\041\116\012\166\204\124\217\123\371\214\003\040\024\040\024\142\275\214\141\143\007\150\007\116\345\123\312\145\313\221\317\116\343\145\160}{}% 13
\BOOKMARK [1][-]{section.3.1}{\376\377\0003\000.\0001\000\040\142\275\214\141\143\007\150\007\000*}{chapter.3}% 14
\BOOKMARK [1][-]{section.3.2}{\376\377\0003\000.\0002\000\040\127\372}{chapter.3}% 15
\BOOKMARK [1][-]{section.3.3}{\376\377\0003\000.\0003\000\040\145\313\221\317\116\343\145\160}{chapter.3}% 16
\BOOKMARK [0][-]{chapter.4}{\376\377\173\054\0004\172\340\000\040\147\266\215\167\137\151\206\171\150\145\377\014\142\021\116\354\123\313\214\012\153\324\131\051\232\330\040\024\040\024\142\212\137\040\221\317\137\123\120\132\145\313\221\317}{}% 17
\BOOKMARK [1][-]{section.4.1}{\376\377\0004\000.\0001\000\040\117\134\116\072\145\313\221\317\166\204\116\026\165\114\137\040\221\317}{chapter.4}% 18
\BOOKMARK [1][-]{section.4.2}{\376\377\0004\000.\0002\000\040\121\111\145\327\124\214\174\173\121\111\167\342\221\317\000*}{chapter.4}% 19
\BOOKMARK [1][-]{section.4.3}{\376\377\0004\000.\0003\000\040\133\371\171\360\123\026\144\315\117\134}{chapter.4}% 20
\BOOKMARK [1][-]{section.4.4}{\376\377\0004\000.\0004\000\040\145\313\221\317\144\315\117\134\166\204\137\040\221\317\210\150\171\072}{chapter.4}% 21
\BOOKMARK [1][-]{section.4.5}{\376\377\0004\000.\0005\000\040\155\101\137\142\116\012\147\320\160\271\166\204\137\040\221\317\124\214\145\313\221\317\000*}{chapter.4}% 22
\BOOKMARK [0][-]{chapter.5}{\376\377\173\054\0005\172\340\000\040\221\315\217\360\136\177\116\111\166\370\133\371\213\272\040\024\040\024\133\374\145\160\116\016\146\362\163\207}{}% 23
\BOOKMARK [1][-]{section.5.1}{\376\377\0005\000.\0001\000\040\155\101\137\142}{chapter.5}% 24
\BOOKMARK [1][-]{section.5.2}{\376\377\0005\000.\0002\000\040\123\117\123\330\133\374\145\160}{chapter.5}% 25
\BOOKMARK [1][-]{section.5.3}{\376\377\0005\000.\0003\000\040\116\015\117\235\215\126\200\124\176\334\166\204\133\374\145\160}{chapter.5}% 26
\BOOKMARK [1][-]{section.5.4}{\376\377\0005\000.\0004\000\040\145\313\221\317\166\204\133\374\145\160}{chapter.5}% 27
\BOOKMARK [1][-]{section.5.5}{\376\377\0005\000.\0005\000\040\133\371\145\313\221\317\122\006\221\317\166\204\137\256\122\006}{chapter.5}% 28
\BOOKMARK [1][-]{section.5.6}{\376\377\0005\000.\0006\000\040\146\362\163\207\166\204\145\313\221\317\133\371\136\224}{chapter.5}% 29
\BOOKMARK [1][-]{section.5.7}{\376\377\0005\000.\0007\000\040\145\313\221\317\137\142\137\017\166\204\133\371\146\023\133\120}{chapter.5}% 30
\BOOKMARK [1][-]{section.5.8}{\376\377\0005\000.\0008\000\040\153\324\133\211\127\372\140\122\173\111\137\017\166\204\145\313\221\317\137\142\137\017}{chapter.5}% 31
\BOOKMARK [1][-]{section.5.9}{\376\377\0005\000.\0009\000\040\146\362\163\207\145\313\221\317\124\214\201\352\145\313\174\373\145\160}{chapter.5}% 32
\BOOKMARK [1][-]{section.5.10}{\376\377\0005\000.\0001\0000\000\040\175\047\201\352\145\313\174\373\145\160\377\010\000G\000H\000P\377\011\137\142\137\017\000*}{chapter.5}% 33
\BOOKMARK [1][-]{section.5.11}{\376\377\0005\000.\0001\0001\000\040\126\011\137\123\154\325\000*}{chapter.5}% 34
\BOOKMARK [1][-]{section.5.12}{\376\377\0005\000.\0001\0002\000\040\145\366\172\172\166\204\122\006\174\173}{chapter.5}% 35
\BOOKMARK [0][-]{chapter.6}{\376\377\173\054\0006\172\340\000\040\162\151\164\006\166\204\116\034\211\177\040\024\040\024\145\366\172\172\116\055\166\204\127\072}{}% 36
\BOOKMARK [1][-]{section.6.1}{\376\377\0006\000.\0001\000\040\165\065\170\301\127\072\123\312\121\166\133\374\145\160}{chapter.6}% 37
\BOOKMARK [1][-]{section.6.2}{\376\377\0006\000.\0002\000\040\136\046\203\167\166\204\127\072\000*}{chapter.6}% 38
\BOOKMARK [1][-]{section.6.3}{\376\377\0006\000.\0003\000\040\162\061\126\340\145\257\127\146\000-\236\246\121\113\145\257\227\346\145\271\172\013\166\204\145\313\221\317\137\142\137\017\000*}{chapter.6}% 39
\BOOKMARK [1][-]{section.6.4}{\376\377\0006\000.\0004\000\040\121\161\137\142\221\315\150\007\136\246}{chapter.6}% 40
\BOOKMARK [1][-]{section.6.5}{\376\377\0006\000.\0005\000\040\145\340\215\050\221\317\127\072}{chapter.6}% 41
\BOOKMARK [0][-]{chapter.7}{\376\377\173\054\0007\172\340\000\040\137\057\146\362\145\366\172\172\116\055\166\204\116\015\201\352\155\075\140\047\040\024\040\024\232\330\201\352\145\313\127\072}{}% 42
\BOOKMARK [1][-]{section.7.1}{\376\377\0007\000.\0001\000\040\165\050\176\275\146\374\000-\137\155\177\127\145\257\137\142\137\017\131\004\164\006\145\366\172\172\142\160\122\250}{chapter.7}% 43
\BOOKMARK [1][-]{section.7.2}{\376\377\0007\000.\0002\000\040\201\352\155\075\147\141\116\366}{chapter.7}% 44
\BOOKMARK [1][-]{section.7.3}{\376\377\0007\000.\0003\000\040\221\314\131\107\136\163\127\146\145\366\172\172\116\055\166\204\000R\000S\127\072}{chapter.7}% 45
\BOOKMARK [0][-]{chapter*.17}{\376\377\123\302\200\003\145\207\163\056}{}% 46
\BOOKMARK [0][-]{chapter*.18}{\376\377\201\364\000\040\214\042}{}% 47
